Loading data/market_hours.json ...
Labeled entries (openingPrint present): 7387
  [200/7387]
  [400/7387]
  [600/7387]
  [800/7387]
  [1000/7387]
  [1200/7387]
  [1400/7387]
  [1600/7387]
  [1800/7387]
  [2000/7387]
  [2200/7387]
  [2400/7387]
  [2600/7387]
  [2800/7387]
  [3000/7387]
  [3200/7387]
  [3400/7387]
  [3600/7387]
  [3800/7387]
  [4000/7387]
  [4200/7387]
  [4400/7387]
  [4600/7387]
  [4800/7387]
  [5000/7387]
  [5200/7387]
  [5400/7387]
  [5600/7387]
  [5800/7387]
  [6000/7387]
  [6200/7387]
  [6400/7387]
  [6600/7387]
  [6800/7387]
  [7000/7387]
  [7200/7387]
  [7387/7387]

=== Calibration results ===
Total labeled days:   7387
Detector fired:       7387 (100.00%)
Detector never fired: 0 (0.00%)

Delta vs openingPrint (trigger - openingPrint, in seconds):
  min:      -720.94
  p10:        -0.43
  p50:        +0.00
  p90:        +8.45
  p99:     +3113.15
  max:    +24623.32
  within 30s: 6499 (87.98%)
  within 60s: 6615 (89.55%)

=== Worst 20 outliers (|delta| largest) ===
  BATL     2026-03-05  delta=+24623.32s
  BH       2026-04-09  delta=+23402.19s
  THC      2024-05-02  delta=+23401.08s
  DEVS     2025-05-14  delta=+20986.41s
  ABVX     2026-01-12  delta=+20264.19s
  CAKE     2024-05-10  delta=+15445.07s
  BXSL     2025-04-09  delta=+14841.35s
  CUK      2025-12-19  delta=+12716.40s
  QXO      2025-04-21  delta=+12119.43s
  BH       2026-04-08  delta=+11616.85s
  BRBR     2025-05-08  delta=+11449.58s
  SGN      2026-03-11  delta=+11379.60s
  KGS      2025-08-06  delta=+10653.66s
  VIK      2025-05-21  delta= +9358.11s
  FTV      2024-04-25  delta= +9348.19s
  QURE     2026-02-26  delta= +8179.36s
  DXST     2026-03-11  delta= +8042.82s
  AMKR     2024-05-02  delta= +7671.95s
  FND      2025-04-08  delta= +7642.44s
  SRM      2025-07-16  delta= +7542.33s
