=== Fill Simulator Delay Sweep ===
Bar exponents: [-13;-5;-6;-6]  pcts: [0.01967;0.00847;0.00941;0.00941]
Position size: $30000  referenceVol: 0.0095  lossLimit: $2550
Commission: $0.0035/share  Percentile: 0.0990
Delays (ms): [0; 20; 40; 60; 80; 100; 120; 140; 160; 180; 200; 220; 240; 260; 280; 300; 320; 340; 360; 380; 400; 420; 440; 460; 480; 500]
Available days: 106

Loading trade files...
Loaded 106 days in 84.6s

=== Baseline (Idealized, No Fill Sim) ===
Total P&L:    $ 114573.08
Win days:              76
Loss days:             28
Avg day P&L:  $   1080.88

=== Delay Sweep Results ===
Delay(ms)        GrossPnL   Commission       NetPnL  WinDays LossDays      Fills    AvgDayPnL
-------------------------------------------------------------------------------------------------
0                81290.98      6758.31     74532.67       65       39      12061       703.14
20               79696.64      6877.87     72818.77       63       41      12938       686.97
40               79217.53      6942.79     72274.74       63       41      12862       681.84
60               79353.08      6813.02     72540.05       63       41      12961       684.34
80               78691.82      6748.65     71943.17       63       41      12957       678.71
100              79083.97      6925.10     72158.87       63       41      13001       680.74
120              79106.31      6757.93     72348.38       63       41      13078       682.53
140              78961.04      6667.59     72293.45       63       41      13061       682.01
160              78667.03      6806.19     71860.83       63       41      12964       677.93
180              79240.37      6901.66     72338.72       63       41      13119       682.44
200              78810.26      6892.21     71918.04       63       41      13085       678.47
220              79403.36      6957.04     72446.31       63       41      13170       683.46
240              78850.17      6927.43     71922.74       63       41      13129       678.52
260              79110.59      6878.18     72232.42       63       41      13101       681.44
280              78487.47      6718.05     71769.42       62       42      13120       677.07
300              78654.44      6906.81     71747.62       61       43      13177       676.86
320              78448.66      6761.10     71687.56       61       43      13175       676.30
340              78683.43      6876.48     71806.95       62       42      13127       677.42
360              78430.19      6882.99     71547.20       62       42      13189       674.97
380              78403.24      6719.76     71683.48       62       42      13147       676.26
400              78676.24      6977.85     71698.39       62       42      13122       676.40
420              78336.13      6700.28     71635.84       62       42      13135       675.81
440              78338.88      6792.84     71546.05       62       42      13241       674.96
460              78066.44      6731.83     71334.60       61       43      13184       672.97
480              78645.74      6883.92     71761.82       61       43      13243       677.00
500              78655.44      6697.71     71957.73       62       42      13233       678.85

=== Best Delay ===
Delay (ms):             0
Gross P&L:    $  81290.98
Commissions:  $   6758.31
Net P&L:      $  74532.67
Win days:              65
Loss days:             39
Total fills:        12061
Avg day P&L:  $    703.14

Edge retained: 65.1% of idealized P&L
