=== VWAP System Fill Breakdown (new class-based pipeline) ===
Bar exponents: [-8.69;-1.10;-16.27;-16.73]  pcts: [0.01249;0.00561;0.02776;0.02914]
Position size: $30000  referenceVol: 0.000582  bandVol: 0.0  lossLimit: infinity
Fill sim: pctile=0.050, delay=100ms, commission=$0.0035/share, rejection=30%

=== Per-Day Results (sorted by P&L) ===
Ticker Date             DayP&L  trips      W      L     avgWin    avgLoss    commiss    avgPos$
----------------------------------------------------------------------------------------------------
RCAT   2026-03-02      2846.56     19     19      0     149.81       0.00      12.33   11324.15
UGRO   2026-03-25      2052.65     22      4     18     586.87     -16.55       9.41    1568.16
RUN    2026-02-27      1964.39     11      5      6     413.74     -17.78       9.02    5914.45
DOCN   2026-03-25      1030.51      4      3      1     347.54     -12.39       1.92   10825.93
TME    2026-03-18       915.55     15      4     11     259.06     -11.02      22.35   12077.66
AVAV   2026-03-02       851.04     19      5     14     215.40     -16.17       1.06    4816.22
VG     2026-03-03       790.56     27      1     26    1069.67     -10.86      21.07    7981.91
BATL   2026-03-05       740.92      4      4      0     185.18       0.00       1.01    1420.66
SE     2026-03-05       614.29      3      2      1     345.79     -77.38       1.47    9414.12
TPET   2026-03-04       596.25      9      8      1      76.85     -18.74       8.41    1063.11
AAOI   2026-02-27       493.13      7      5      2     112.87     -35.78       1.18    2838.74
ULTA   2026-03-16       468.24     22      9     13      78.80     -18.58       1.94   14890.38
OPEN   2025-09-11       465.61     10      4      6     150.41     -23.16      11.39    3075.96
USO    2026-03-09       434.53     11      9      2      56.87     -39.02       1.99    3770.52
IOT    2026-03-06       420.90      9      1      8     586.18     -20.73       4.67    5350.41
BYND   2025-10-21       403.56     21     13      6      35.33      -9.80      12.68     680.52
MRVL   2026-03-09       397.98     15      4     11     149.69     -18.35       5.41    8427.80
NBIS   2025-09-09       389.11      2      2      0     194.51       0.00       0.45    2986.64
MSTR   2024-11-21       332.05     28     13     15      39.77     -12.34       0.53    2329.89
TPET   2026-03-05       302.70     54     19     34      39.70     -13.96      89.14    1294.96
ARM    2026-03-25       302.08      3      1      2     334.92     -16.46       0.79    5746.65
FDX    2026-03-20       292.34      9      1      8     400.76     -13.59       1.11    9945.47
LW     2025-12-19       243.29      4      1      2     250.05      -3.45       0.62    2188.40
BYND   2025-10-20       243.08     36      8     26      60.03     -10.29     119.01    1560.62
TME    2026-03-17       231.60     12      5      7      49.35      -2.58      16.48    4893.58
BATL   2026-03-09       230.10     11      5      6      56.26      -8.66       2.36    1163.78
MRVL   2026-03-06       216.62     23      8     15      58.94     -17.09       5.27    6481.74
NRG    2026-03-03       215.85     31     15     16      20.88      -6.22       9.76   17541.71
NFLX   2026-02-27       185.89     14      9      5      30.27     -17.39       1.50    4991.66
CF     2026-03-12       170.36     19      8     11      35.99     -10.74       2.04    5259.51
MOBX   2026-03-03       165.83     35      2     33     285.23     -12.95      67.76     631.34
TPET   2026-03-09       146.22     12      2     10     105.01      -6.61      10.83    1154.97
MDB    2026-03-03       145.83     16      5     11      58.93     -13.58       1.64    4964.84
LASR   2026-03-03       139.86      4      3      1      51.14     -13.72       0.82    2551.32
TPET   2026-03-06       120.87     17     14      3      15.13     -32.26      17.56    1083.03
BATL   2026-03-04       115.44      8      3      5      58.26     -11.97       1.53     701.89
SMCI   2026-03-20       114.13     16      5     11      46.79     -11.08       7.20    2890.12
ONON   2026-03-03       107.44     17      3     14     115.52     -17.22       7.46    4774.56
XYZ    2026-02-27       100.36     18      7     11      17.90      -2.35       2.90    2919.52
NBIS   2026-03-16        88.09     16      9      7      14.41      -6.03       1.66    3768.20
HIMS   2026-03-10        87.61     15      8      7      18.85      -9.22       7.38    2901.45
TTD    2026-03-05        85.06      4      1      3     190.85     -35.60       3.13    3547.80
NBIS   2026-03-17        83.37     21     13      8      14.07     -12.65       4.69    7851.96
USO    2026-03-03        80.44     33     10     23      27.14      -8.38       8.95    7061.57
VG     2026-03-19        70.12     17      2     15     152.19     -15.86      10.00    4486.13
ARM    2026-03-20        65.59     26      7     17      17.30      -3.33       2.93    5753.86
SE     2026-03-03        58.84     11      3      8      46.88     -10.24       0.70    1595.70
FLUT   2026-02-27        57.02     17     11      6       8.36      -5.88       1.74    3275.45
BATL   2026-03-06        56.69     10      6      4      34.34     -37.45       2.51    1800.67
KTOS   2026-03-02        50.93     14      8      6      28.12     -29.12       2.02    5275.15
TTD    2026-03-06        48.92     26     13     13      21.99     -18.41      11.33    7842.11
U      2026-03-27        40.07     24     10     14      13.27      -6.80       8.72    2952.60
XYZ    2026-03-02        39.27     16      2     14      93.60     -10.69       5.87   10083.39
BATL   2026-03-03        37.78     19      9     10      11.63      -6.75       1.52     351.92
VG     2026-03-04        33.38     48     25     23       8.94      -8.54      39.62    4113.34
SMCI   2026-03-23        29.30     19      2     17      92.68      -9.19       8.16    5823.09
USO    2026-03-04        19.27     11      4      7      27.23     -13.01       4.87    7858.12
USO    2026-03-05        12.94     32     16     16      12.73     -12.01       9.58   10833.85
AAOI   2026-03-02        10.98      9      6      3      10.50     -17.44       0.78    1453.13
BATL   2026-03-02         4.65     23      8     15      26.23     -13.76       4.94    1045.54
MOBX   2026-03-04         1.05     16      9      7      25.08     -33.28      32.28     704.39
BNTX   2026-03-11        -4.33     15      6      9      20.81     -14.45       2.90    5280.62
DUOL   2026-03-02       -15.94     37     13     24      17.94     -10.45       4.10    4068.66
BATL   2026-03-10       -19.14     21      8     13      21.89     -15.01       5.35    1550.86
BYND   2025-10-22       -22.50    311      4    307      60.20      -0.87      10.18     805.17
VSCO   2026-03-06       -22.94     32     11     21      30.03     -16.94      10.45    5434.35
NBIS   2025-09-10       -25.44     11      3      8      46.60     -20.76       1.93    2886.71
DELL   2026-02-27       -28.08      7      1      6     115.89     -24.04       0.81    4015.39
NFLX   2026-03-02       -32.61     45     18     27       7.15      -6.06       8.03    8504.91
ORCL   2026-03-11       -32.86     29      8     21      16.56      -7.92       4.61    9760.86
DUOL   2026-02-27       -37.88     15      7      8       9.70     -13.26       1.01    1973.10
DELL   2026-03-02       -40.49     29      3     26      48.76      -7.21       2.24    5342.69
ULTA   2026-03-13       -42.43     16      1     15     277.41     -21.34       1.11    9793.99
AGX    2026-03-27       -51.66     14      5      9      11.35     -12.05       0.18    1486.17
LASR   2026-03-02       -56.21     26     11     15      11.43     -12.19       2.82    2188.79
VSCO   2026-03-05       -70.09     19      4     15       1.86      -5.22       2.41    3042.52
USO    2026-03-06       -82.30     39     12     26      17.79     -11.49       9.39    7078.44
MOBX   2026-03-05      -102.33     30      8     22       9.20      -9.10      59.41     702.50
USO    2026-03-02      -121.16     46     11     35      15.53      -8.43      11.73   13292.08
NIO    2026-03-10      -123.22     27      5     22      37.31     -14.44      36.99    4010.40
HIMS   2026-03-09      -126.08     23      1     22      91.24      -9.96       6.60    1754.70
UGRO   2026-03-24      -135.62     19      6     13       8.37     -14.54       9.76    1221.95
TPET   2026-03-02      -139.50     38     18     20       2.83      -9.82      26.25     421.05
AES    2026-02-27      -143.21     39     15     24       2.56      -7.84      20.64    2732.27
PL     2026-03-20      -149.82     31      5     26       7.59      -7.28       4.37    1816.57
UGRO   2026-03-26      -151.48     26     10     16       8.27     -14.69       2.35     559.08
LASR   2026-02-27      -159.57     33      9     24       7.97      -9.70       5.25    3177.90
KTOS   2026-03-03      -164.77     88     32     56       5.12      -5.91      10.51    5201.48
SE     2026-03-04      -171.48     35      9     26      12.48     -11.01       8.82    6906.58
IOT    2026-03-09      -175.91     87     25     59       6.07      -5.67      27.08    5590.85
UGRO   2026-03-23      -183.54     28     13     15      16.30     -26.57      12.38     716.88
MOS    2026-03-12      -183.66     45      8     36       8.71      -7.16      16.65    3874.72
IOT    2026-03-10      -187.80     83     21     62      17.92      -9.16      27.37   12376.87
ONON   2026-03-04      -198.65     57      4     53      81.64     -10.02      27.54   12053.87
BNTX   2026-03-10      -227.03     21      4     17      29.44     -20.37       4.28    5646.95
NIO    2026-03-11      -255.24     39      3     36      37.76     -10.60      53.85    5568.41
TPET   2026-03-03      -261.53     50      9     41       6.96      -8.15      37.23     515.46
AVAV   2026-03-03      -284.40     22     12     10      12.52     -43.53       1.97    6097.87
MOBX   2026-03-06      -287.59     24      1     23      78.26     -16.48      51.95    1116.87
CRSP   2026-03-10      -394.94     40     12     28      10.91     -18.86      12.03    6181.89
BATL   2026-02-27      -423.41     38      2     33       6.53     -13.29      13.57    1025.33
MDB    2026-03-04      -459.75     43     17     26      15.98     -28.18       4.54   11721.10
NRG    2026-03-04      -519.29     59     13     46      15.55     -15.73      12.82   16594.90
FLUT   2026-03-02      -760.25     29      2     27      81.22     -34.23       7.88    8317.77
RUN    2026-03-02      -932.46    176     21    155       1.66      -6.34      97.02    7212.21
RCAT   2026-03-03      -965.87     50     14     36       9.55     -30.63      21.31    3470.52

=== Aggregate Statistics ===

--- Overall ---
Total P&L:         $    12084.65
Total commissions: $     1367.09
Total days:                  106
Total round trips:          3036
Total fills:                5226
Avg trips/day:              28.6
Avg position size:  $     4877.06

--- Round-Trip Level ---
Win trades:                  846
Loss trades:                2174
Flat trades:                  16
Win rate:                   28.0%
Avg winner:         $       41.47
Avg loser:          $      -10.73
Median winner:      $        5.63
Median loser:       $       -3.69
Largest winner:     $     2345.60
Largest loser:      $     -297.15
Avg trade:          $        3.87
Expectancy:         $        3.89
Gross wins:         $    35085.66
Gross losses:       $    23329.37
Profit factor:              1.50

--- Day-Level ---
Winning days:                 61
Losing days:                  45
Flat days:                     0
Day win rate:               57.5%
Avg winning day:    $      345.23
Avg losing day:     $     -199.43
Worst day:          $     -965.87
Best day:           $     2846.56

--- Long/Short Split ---
Long trades:                1621
Long P&L:           $     8530.83
Avg long trade:     $        5.26
Short trades:               1415
Short P&L:          $     3225.48
Avg short trade:    $        2.28
