=== ORB System Fill Breakdown ===
direction: Short  entryMode: RangeBreakout  stopMode: rangeLo  barMode: Time
barDivisor: 10.0  minBarSize: 1000  entryDelay: 60.0s
Position size: $30000  referenceVol: 0.000582  lossLimit: infinity
Fill sim: pctile=0.050, delay=100ms, commission=$0.0035/share, rejection=30%

=== Per-Day Results (sorted by P&L) ===
Ticker Date             DayP&L  trips      W      L     avgWin    avgLoss    commiss    avgPos$      barSz
---------------------------------------------------------------------------------------------------------------
SCHW   2024-07-17      1177.49      6      6      0     196.25       0.00       3.10   29402.88         10
TME    2026-03-18      1110.42     12     12      0      92.54       0.00       9.56   15349.48         10
HUM    2026-01-28       778.49      3      2      1     503.70    -228.92       1.35   19756.10         10
FCX    2025-09-25       727.91      7      7      0     103.99       0.00       3.79   19855.69         10
ULTA   2026-03-16       559.32      1      1      0     559.32       0.00       0.24   18640.93         10
ZETA   2024-11-14       529.17      4      4      0     132.29       0.00       3.19    8449.51         10
TFII   2025-02-21       464.77      3      3      0     154.92       0.00       0.74   10607.76         10
SKY    2025-05-28       391.28      1      1      0     391.28       0.00       0.64    6406.60         10
MNDY   2025-08-12       385.16      2      2      0     192.58       0.00       0.52   13121.35         10
BMI    2025-07-23       347.30      7      7      0      49.61       0.00       0.19    5535.00         10
WAT    2025-07-15       298.53      2      2      0     149.26       0.00       0.15    6389.05         10
KMB    2025-11-04       125.22     12     12      0      10.43       0.00       1.27   18449.18         10
SN     2024-11-01       106.88      2      2      0      53.44       0.00       0.15    2068.00         10
SMMT   2025-06-02        89.39      7      7      0      12.77       0.00       1.90    4935.80         10
EOSE   2025-05-30        67.00      1      1      0      67.00       0.00       9.21    5525.00         10
INDI   2024-12-04        60.63      2      2      0      30.32       0.00       7.89    4386.41         10
BRBR   2025-05-07        52.64      7      7      0       7.52       0.00       1.02    9218.03         10
DG     2024-08-30        30.98      4      3      1      91.73    -244.20       3.42   20595.59         10
ATGE   2025-11-03        29.18      1      1      0      29.18       0.00       0.18    2429.91         10
MELI   2024-11-08         0.00      0      0      0       0.00       0.00       0.00       0.00         10
AGIO   2025-11-20         0.00      0      0      0       0.00       0.00       0.00       0.00         10
GME    2025-03-28         0.00      0      0      0       0.00       0.00       0.00       0.00         10
TKR    2024-11-06         0.00      0      0      0       0.00       0.00       0.00       0.00         10
WAT    2026-02-11         0.00      0      0      0       0.00       0.00       0.00       0.00         10
FYBR   2024-09-06         0.00      0      0      0       0.00       0.00       0.00       0.00         10
VIPS   2024-08-21         0.00      0      0      0       0.00       0.00       0.00       0.00         10
ALGN   2025-08-01         0.00      0      0      0       0.00       0.00       0.00       0.00         10
WST    2025-02-14         0.00      0      0      0       0.00       0.00       0.00       0.00         10
NEP    2024-10-24        -1.04      1      0      1       0.00      -1.04       0.60    1810.49         10
KDP    2025-08-27       -27.89      1      0      1       0.00     -27.89       0.24    1012.05         10
CRWD   2024-07-23       -41.01      2      0      2       0.00     -20.51       0.06    2384.39         10
MEOH   2026-03-09       -52.70      1      0      1       0.00     -52.70       0.23    1680.24         10
CABO   2025-05-05       -93.97      4      0      4       0.00     -23.49       0.24    5141.85         10
LKQ    2024-04-24      -115.54      2      0      2       0.00     -57.77       0.76    4473.49         10
CIVI   2025-02-26      -117.06      5      0      5       0.00     -23.41       0.83    4621.43         10
CE     2024-11-06      -133.20      2      0      2       0.00     -66.60       0.66    8612.08         10
SYY    2026-03-31      -164.01      5      0      5       0.00     -32.80       0.72    7153.62         10
MSCI   2024-04-24      -172.04      5      0      5       0.00     -34.41       0.24    7907.74         10
SJM    2025-06-11      -175.18      3      0      3       0.00     -58.39       1.33   18038.95         10
NVMI   2025-09-03      -175.66      3      0      3       0.00     -58.55       0.55   18467.09         10
ZION   2025-10-17      -226.61      2      0      2       0.00    -113.31       1.08    7476.89         10
HII    2024-11-01      -239.20      4      0      4       0.00     -59.80       0.60    7887.39         10
LW     2024-07-25      -273.03      7      6      1       8.33    -323.01       3.41   13155.77         10

=== Aggregate Statistics ===

--- Overall ---
Total P&L:         $     5323.59
Total commissions: $       60.05
Total days:                   43
Total round trips:           131
Total fills:                 260
Avg trips/day:               3.0
Avg position size:  $     7696.41

--- Round-Trip Level ---
Win trades:                   88
Loss trades:                  43
Flat trades:                   0
Win rate:                   67.2%
Avg winner:         $       89.26
Avg loser:          $      -58.87
Median winner:      $       32.80
Median loser:       $      -31.90
Largest winner:     $      788.41
Largest loser:      $     -323.01
Avg trade:          $       40.64
Expectancy:         $       40.64
Gross wins:         $     7854.82
Gross losses:       $     2531.23
Profit factor:              3.10

--- Day-Level ---
Winning days:                 19
Losing days:                  15
Flat days:                     9
Day win rate:               55.9%
Avg winning day:    $      385.88
Avg losing day:     $     -133.88
Worst day:          $     -273.03
Best day:           $     1177.49

--- Long/Short Split ---
Long trades:                   0
Long P&L:           $        0.00
Avg long trade:     $        0.00
Short trades:                131
Short P&L:          $     5323.59
Avg short trade:    $       40.64
