=== Fill Simulator Percentile Sweep (Profit Factor) ===
Bar exponents: [-13;-5;-6;-6]  pcts: [0.01967;0.00847;0.00941;0.00941]
Position size: $30000  referenceVol: 0.0095  lossLimit: $2550
Commission: $0.0035/share  Delay: 100ms
Available days: 106

Loading trade files...
Loaded 106 days in 73.3s

=== Percentile Sweep Results ===
Pctile             NetPnL    GrossWins    GrossLoss ProfFactor  WinRate   Expectancy  WinDays LossDays    Trips
-------------------------------------------------------------------------------------------------------------------
0.0500           70177.95    134668.25     73104.84       1.84    32.5%         8.96       63       41     6927
0.0530           69665.42    134484.68     73433.95       1.83    32.0%         8.91       63       41     6910
0.0563           70125.76    134406.47     72897.03       1.84    31.4%         8.98       63       41     6954
0.0597           69464.55    134236.83     73395.14       1.83    31.0%         8.93       63       41     6911
0.0633           70726.78    134060.11     71956.58       1.86    31.1%         9.03       64       40     6938
0.0672           70505.73    133715.82     71832.67       1.86    30.7%         9.01       64       40     6921
0.0713           70703.97    133489.91     71409.00       1.87    30.2%         9.16       64       40     6862
0.0756           72417.98    134250.15     70456.38       1.91    30.2%         9.40       64       40     6855
0.0802           70967.79    133603.71     71260.15       1.87    30.0%         9.07       64       40     6936
0.0851           70428.58    133219.60     71416.80       1.87    30.2%         9.01       63       41     6935
0.0902           71573.93    133680.30     70732.99       1.89    30.0%         9.43       63       41     6860
0.0957           72361.50    135359.06     71623.96       1.89    29.1%         9.46       63       41     6929
0.1015           72096.06    135152.19     71841.32       1.88    29.4%         9.41       63       41     6920
0.1077           71452.54    134798.36     72130.92       1.87    29.4%         9.20       63       41     7029
0.1143           70892.04    134582.98     72475.46       1.86    29.3%         9.11       63       41     7020
0.1212           72363.83    135711.82     72132.32       1.88    29.3%         9.41       63       41     6999
0.1286           71523.07    135422.18     72682.80       1.86    28.5%         9.24       62       42     7038
0.1364           70179.58    135054.30     73660.13       1.83    27.7%         8.74       62       42     7090
0.1447           69845.99    134718.44     73657.89       1.83    27.9%         8.75       62       42     7062
0.1535           69098.71    134322.01     74009.01       1.81    31.7%         8.38       62       42     7271
0.1629           67744.96    133947.02     74987.43       1.79    31.8%         8.21       62       42     7256
0.1728           67068.18    134144.51     75952.92       1.77    30.4%         8.11       62       42     7243
0.1833           64934.38    133015.98     76959.63       1.73    27.3%         8.05       62       42     7336
0.1944           64538.87    133284.43     77622.02       1.72    26.2%         8.03       62       42     7351
0.2062           62695.16    131289.63     77470.05       1.69    25.4%         7.80       62       42     7310
0.2188           66162.94    132752.24     75463.10       1.76    25.3%         8.15       63       41     7460
0.2321           64733.66    132472.84     76751.43       1.73    23.4%         7.49       61       43     7552
0.2462           64004.89    132188.10     77195.91       1.71    22.3%         7.48       61       43     7465
0.2612           62758.04    132076.99     78331.19       1.69    22.3%         7.30       62       42     7484
0.2771           61038.24    131716.94     79690.65       1.65    21.4%         7.06       62       42     7496
0.2939           59490.61    131584.47     81104.72       1.62    21.0%         6.84       61       43     7674
0.3118           57144.79    130872.37     82739.65       1.58    20.9%         6.56       62       42     7616
0.3307           56161.89    131172.08     84024.73       1.56    19.6%         6.29       62       42     7553
0.3509           54408.11    131201.43     85807.63       1.53    19.2%         6.07       62       42     7544
0.3722           54246.45    132013.28     86781.22       1.52    19.9%         5.95       61       43     7661
0.3948           54130.53    132447.07     87331.02       1.52    19.9%         5.83       61       43     7782
0.4188           53696.38    132230.62     87548.70       1.51    19.5%         5.75       59       45     7810
0.4443           51875.79    132006.30     89145.01       1.48    19.1%         5.54       58       46     7776
0.4713           53008.14    132403.03     88409.44       1.50    19.5%         5.87       55       49     7535
0.5000           50416.05    132078.54     90677.03       1.46    19.1%         5.55       55       49     7483

=== Best by Profit Factor ===
Percentile:        0.0756
Net P&L:      $  72417.98
Profit factor:       1.91
Win rate:            30.2%
Expectancy:   $      9.40
Round trips:         6855

=== Best by Net P&L ===
Percentile:        0.0756
Net P&L:      $  72417.98
Profit factor:       1.91
Win rate:            30.2%
Expectancy:   $      9.40
Round trips:         6855
