Preloading trade files...
Loaded 106 days in 79.1s

============================================================
STAGE 1: Sweep bandVol in [0.0, 2.0] step 0.1 (no fill sim)
============================================================

bandVol    ProfFactor
-------------------------
0.0            3.5836
0.1            3.4189
0.2            3.6388
0.3            3.6507
0.4            3.4372
0.5            3.3522
0.6            3.4098
0.7            3.2526
0.8            3.1768
0.9            3.0440
1.0            2.8635
1.1            2.7795
1.2            2.7750
1.3            2.5096
1.4            2.3432
1.5            2.2662
1.6            2.1937
1.7            2.2119
1.8            2.0765
1.9            1.9851
2.0            1.9546

Best bandVol: 0.3  PF=3.6507

============================================================
STAGE 2: Optimize volPcts (no fill sim) at bandVol=0.3
============================================================

  [stage2] start: [-14;-2;-9;-18]  PF=3.6507
  [stage2] eval   2: [-13;-2;-9;-18]  PF=3.6820 <-- new best
  [stage2] eval   6: [-13;-4;-9;-18]  PF=3.7336 <-- new best
  [stage2] eval  10: [-13;-4;-9;-21]  PF=3.3768
  [stage2] eval  11: [-9;-4;-9;-18]  PF=3.7605 <-- new best
  [stage2] eval  12: [-9;-7;-9;-18]  PF=3.7965 <-- new best
  [stage2] eval  15: [-9;-6;-9;-18]  PF=3.8637 <-- new best
  [stage2] eval  20: [-9;-6;-8;-18]  PF=3.5949
  [stage2] eval  22: [-8;-6;-9;-18]  PF=3.9059 <-- new best
  [stage2] eval  30: [-8;-6;-9;-16]  PF=3.5648
  [stage2] eval  40: [-8;-6;-9;-19]  PF=3.6022
  [stage2] eval  48: [-8;-7;-9;-18]  PF=3.9062 <-- new best
  [stage2] eval  50: [-8;-7;-9;-20]  PF=3.8501
  [stage2] eval  60: [-8;-7;-9;-22]  PF=3.2192
  [stage2] eval  70: [-8;-7;-9;-14]  PF=3.4344
  [stage2] done after 74 evals. Best: [-8;-7;-9;-18]  PF=3.9062

Stage 2 result: exponents=[-8;-7;-9;-18]  PF=3.9062

============================================================
STAGE 3: Sweep fill percentile at bandVol=0.3
============================================================

Percentile   ProfFactor
-------------------------
0.1              1.6525
0.2              1.5895
0.3              1.4620
0.4              1.3715
0.5              1.3200
0.6              1.2340
0.7              1.1458

Best percentile: 0.1  PF=1.6525

============================================================
STAGE 4: Re-optimize volPcts with fill sim (pctile=0.1)
============================================================

  [stage4] start: [-8;-7;-9;-18]  PF=1.6427
  [stage4] eval   2: [-7;-7;-9;-18]  PF=1.6434 <-- new best
  [stage4] eval   3: [-6;-7;-9;-18]  PF=1.6449 <-- new best
  [stage4] eval   6: [-6;-9;-9;-18]  PF=1.7024 <-- new best
  [stage4] eval   9: [-4;-9;-9;-18]  PF=1.7388 <-- new best
  [stage4] eval  10: [-4;-9;-9;-22]  PF=1.4958
  [stage4] eval  20: [-4;-9;-7;-18]  PF=1.6422
  [stage4] eval  30: [-4;-9;-9;-15]  PF=1.6170
  [stage4] eval  40: [-4;-9;-11;-18]  PF=1.5811
  [stage4] done after 41 evals. Best: [-4;-9;-9;-18]  PF=1.7388

Stage 4 result: exponents=[-4;-9;-9;-18]  PF=1.7388

============================================================
FINAL RESULTS
============================================================

bandVol:     0.3
Exponents:   [-4;-9;-9;-18]
Pcts:        [0.00762;0.01291;0.01291;0.03331]
Percentile:  0.1
Profit Factor: 1.7388

Total time: 1649.5s
