=== Reference Volatility Sweep ===
Position size: $30000  lossLimitPct: 8.5%  percentile: 0.0756
Commission: $0.0035/share  Delay: 100ms
Available days: 106

Loading trade files...
Loaded 106 days in 76.3s

=== RefVol Sweep Results ===
RefVol               NetPnL      GrossWins      GrossLoss ProfFactor  WinRate   Expectancy      AvgPos$  WinDays LossDays
-----------------------------------------------------------------------------------------------------------------------------
0.000500          13,651.07      44,815.11      32,334.69       1.39    30.0%         2.44     6,500.34       62       44
0.000541          14,561.60      48,462.98      35,167.53       1.38    30.0%         2.49     7,016.07       62       44
0.000586          15,555.44      52,310.87      38,122.78       1.37    29.6%         2.54     7,538.22       62       44
0.000634          16,860.63      56,732.26      41,346.66       1.37    29.5%         2.64     8,106.79       62       44
0.000687          17,876.15      61,203.97      44,922.40       1.36    29.1%         2.68     8,720.36       61       45
0.000744          18,954.01      65,952.20      48,722.32       1.35    29.4%         2.70     9,364.37       62       44
0.000805          19,155.73      70,638.31      53,344.16       1.32    29.1%         2.60    10,032.21       62       44
0.000872          20,552.21      76,204.27      57,660.91       1.32    29.2%         2.67    10,720.77       62       44
0.000944          22,140.88      82,244.04      62,268.45       1.32    28.8%         2.75    11,446.47       62       44
0.001022          23,576.58      88,606.46      67,365.91       1.32    28.9%         2.78    12,228.92       62       44
0.001106          25,283.27      95,516.78      72,751.50       1.31    28.6%         2.85    13,037.38       61       45
0.001198          26,788.27     102,686.78      78,610.15       1.31    28.6%         2.88    13,870.50       61       45
0.001296          28,830.96     110,564.76      84,649.68       1.31    28.4%         2.96    14,716.91       61       45
0.001404          30,691.16     118,643.39      91,086.18       1.30    28.3%         3.00    15,606.24       61       45
0.001520          32,585.73     127,250.26      98,032.33       1.30    28.2%         3.02    16,499.31       61       45
0.001645          34,358.72     135,997.69     105,248.33       1.29    27.9%         3.06    17,325.64       60       46
0.001781          36,617.28     144,732.08     111,973.76       1.29    27.9%         3.16    18,069.77       60       46
0.001928          39,203.39     153,982.27     118,898.20       1.30    27.9%         3.26    18,786.60       60       46
0.002088          41,896.99     163,629.24     126,127.03       1.30    27.7%         3.38    19,495.08       60       46
0.002260          44,232.65     173,681.92     134,133.46       1.29    27.6%         3.43    20,208.30       60       46
0.002447          47,942.31     184,574.65     141,623.71       1.30    27.6%         3.60    20,936.29       60       46
0.002649          51,720.38     196,034.58     149,617.14       1.31    27.3%         3.77    21,638.01       60       46
0.002868          55,258.40     207,170.13     157,521.71       1.32    27.2%         3.95    22,274.39       60       46
0.003105          59,901.06     219,080.13     165,099.67       1.33    27.6%         4.15    22,860.46       60       46
0.003362          62,615.74     229,907.45     173,533.87       1.32    27.2%         4.23    23,417.98       60       46
0.003639          66,440.15     241,799.34     181,941.20       1.33    27.0%         4.41    23,947.68       59       47
0.003940          71,070.99     253,164.45     189,018.47       1.34    27.1%         4.60    24,432.47       58       48
0.004266          77,518.13     265,988.63     195,756.63       1.36    27.3%         4.96    24,882.90       57       49
0.004618          82,824.87     278,482.43     203,325.86       1.37    27.4%         5.19    25,287.42       57       49
0.005000          86,814.89     291,301.81     212,560.88       1.37    27.2%         5.34    25,668.16       57       49

=== Best by Profit Factor ===
RefVol:            0.000500
Net P&L:      $13,651.07
Profit factor:       1.39
Win rate:            30.0%
Expectancy:   $      2.44
Avg pos size: $6,500.34

=== Best by Net P&L ===
RefVol:            0.005000
Net P&L:      $86,814.89
Profit factor:       1.37
Win rate:            27.2%
Expectancy:   $      5.34
Avg pos size: $25,668.16
