=== Rejection Rate Sensitivity & Variance Analysis ===
Bar exponents: [-8.69;-1.1;-16.27;-16.73]  pcts: [0.01249;0.00561;0.02776;0.02914]
Position size: $30000  referenceVol: 0.0006  bandVol: 0.00  lossLimit: $2550
Fill sim: pctile=0.050, delay=100ms, commission=$0.0035/share
Rejection rates: 0%, 5%, 10%, 15%, 20%, 25%, 30%, 35%, 40%, 45%, 50%
Seeds per rate: 10 (base=42)
Available days: 106

Preloading trade files...
Loaded 106 days in 92.2s

=== Results (mean ± std over 10 seeds per rejection rate) ===
RejRate       PF_mean     PF_std     PF_min  PF_median     PF_max   PnL_mean    PnL_std Trips_mean
----------------------------------------------------------------------------------------------------
0.00           1.6459     0.0036     1.6420     1.6446     1.6518      14849         48       3164
0.05           1.6343     0.0071     1.6232     1.6355     1.6446      14666        115       3149
0.10           1.6311     0.0050     1.6234     1.6306     1.6436      14620         77       3121
0.15           1.6185     0.0092     1.6051     1.6203     1.6301      14421        150       3098
0.20           1.6094     0.0144     1.5905     1.6108     1.6380      14294        215       3075
0.25           1.5954     0.0127     1.5673     1.5981     1.6127      14051        198       3056
0.30           1.5788     0.0149     1.5584     1.5759     1.6087      13789        220       3043
0.35           1.5753     0.0117     1.5625     1.5750     1.5961      13723        192       3035
0.40           1.5540     0.0173     1.5329     1.5489     1.5883      13356        276       3006
0.45           1.5404     0.0157     1.5128     1.5445     1.5617      13151        274       2982
0.50           1.5273     0.0202     1.4946     1.5214     1.5635      12900        346       2947

Total time: 786.8s

=== Per-Seed Detail ===

Rejection rate: 0%
Seed           PF     NetPnL    WinRate      Trips
-------------------------------------------------------
42         1.6445   14836.24      30.9%       3160
43         1.6447   14838.88      30.7%       3163
44         1.6420   14798.07      30.6%       3160
45         1.6495   14896.01      30.9%       3159
46         1.6428   14813.44      30.9%       3172
47         1.6518   14928.74      31.1%       3176
48         1.6510   14914.23      30.7%       3148
49         1.6424   14789.21      30.6%       3178
50         1.6480   14875.26      30.8%       3163
51         1.6424   14803.96      30.8%       3161

Rejection rate: 5%
Seed           PF     NetPnL    WinRate      Trips
-------------------------------------------------------
42         1.6290   14603.75      30.1%       3161
43         1.6354   14680.75      30.3%       3141
44         1.6446   14833.70      30.7%       3148
45         1.6374   14715.23      30.5%       3144
46         1.6355   14674.01      31.0%       3139
47         1.6441   14820.29      30.5%       3148
48         1.6232   14458.65      30.5%       3128
49         1.6236   14514.81      30.3%       3151
50         1.6319   14619.14      29.8%       3166
51         1.6386   14738.40      30.5%       3160

Rejection rate: 10%
Seed           PF     NetPnL    WinRate      Trips
-------------------------------------------------------
42         1.6328   14637.24      30.9%       3117
43         1.6297   14618.24      31.3%       3118
44         1.6436   14813.65      30.7%       3118
45         1.6234   14496.54      30.4%       3111
46         1.6326   14645.73      30.9%       3124
47         1.6319   14623.09      31.2%       3128
48         1.6279   14557.09      30.4%       3097
49         1.6296   14606.80      31.0%       3137
50         1.6316   14621.30      30.1%       3149
51         1.6282   14577.45      31.0%       3111

Rejection rate: 15%
Seed           PF     NetPnL    WinRate      Trips
-------------------------------------------------------
42         1.6301   14593.35      30.6%       3117
43         1.6067   14229.66      30.4%       3146
44         1.6263   14563.82      30.4%       3057
45         1.6090   14200.22      30.7%       3049
46         1.6268   14552.30      30.5%       3129
47         1.6229   14492.41      31.0%       3105
48         1.6117   14329.16      30.3%       3077
49         1.6051   14235.98      31.0%       3116
50         1.6286   14578.43      31.1%       3081
51         1.6178   14433.77      31.0%       3107

Rejection rate: 20%
Seed           PF     NetPnL    WinRate      Trips
-------------------------------------------------------
42         1.6023   14139.74      31.6%       3077
43         1.6182   14438.07      30.9%       3095
44         1.6380   14717.81      31.1%       3027
45         1.5905   14036.71      30.5%       3083
46         1.5928   14088.13      30.8%       3117
47         1.6250   14537.57      31.0%       3032
48         1.6118   14332.34      30.9%       3062
49         1.6098   14269.35      31.4%       3099
50         1.5938   14034.61      30.5%       3061
51         1.6123   14345.88      30.4%       3096

Rejection rate: 25%
Seed           PF     NetPnL    WinRate      Trips
-------------------------------------------------------
42         1.6016   14170.38      31.1%       3019
43         1.5945   14041.58      29.5%       3030
44         1.6018   14114.72      30.1%       2987
45         1.5673   13597.12      31.5%       3004
46         1.5827   13880.36      30.3%       3144
47         1.5913   13960.08      30.3%       3091
48         1.5904   14013.36      29.4%       3084
49         1.6042   14147.55      31.4%       3092
50         1.6080   14272.07      30.8%       3039
51         1.6127   14317.70      30.6%       3075

Rejection rate: 30%
Seed           PF     NetPnL    WinRate      Trips
-------------------------------------------------------
42         1.5606   13497.36      30.3%       3018
43         1.5838   13895.01      30.4%       3047
44         1.6087   14217.98      31.5%       3021
45         1.5862   13881.97      30.3%       3026
46         1.5707   13691.61      30.7%       3014
47         1.5805   13835.52      31.8%       3092
48         1.5710   13657.09      30.1%       3114
49         1.5584   13523.14      30.6%       3108
50         1.5969   14053.77      30.3%       2975
51         1.5714   13636.91      30.4%       3013

Rejection rate: 35%
Seed           PF     NetPnL    WinRate      Trips
-------------------------------------------------------
42         1.5632   13568.01      30.1%       2979
43         1.5911   13933.08      31.0%       2984
44         1.5818   13802.82      30.4%       3018
45         1.5806   13874.02      30.4%       3103
46         1.5648   13596.75      30.5%       3034
47         1.5794   13730.40      31.0%       2970
48         1.5625   13483.78      31.4%       3085
49         1.5706   13642.01      30.9%       3023
50         1.5626   13502.84      30.2%       3054
51         1.5961   14098.79      30.6%       3099

Rejection rate: 40%
Seed           PF     NetPnL    WinRate      Trips
-------------------------------------------------------
42         1.5350   13046.62      30.6%       2999
43         1.5883   13903.64      30.4%       2969
44         1.5753   13703.98      30.8%       3003
45         1.5639   13531.48      29.3%       3037
46         1.5329   13054.17      29.7%       3022
47         1.5451   13216.85      30.2%       2975
48         1.5386   13051.33      29.3%       3061
49         1.5497   13335.62      31.3%       3017
50         1.5481   13284.81      31.6%       2999
51         1.5629   13432.67      30.6%       2973

Rejection rate: 45%
Seed           PF     NetPnL    WinRate      Trips
-------------------------------------------------------
42         1.5539   13447.43      29.4%       3001
43         1.5541   13448.88      30.8%       2988
44         1.5617   13495.17      30.5%       2966
45         1.5300   12927.59      30.6%       3008
46         1.5128   12705.70      29.6%       3016
47         1.5440   13207.46      31.1%       2942
48         1.5430   13053.95      29.8%       2974
49         1.5454   13263.86      29.7%       2965
50         1.5138   12728.96      30.2%       2964
51         1.5450   13226.96      30.9%       2994

Rejection rate: 50%
Seed           PF     NetPnL    WinRate      Trips
-------------------------------------------------------
42         1.4946   12360.83      29.8%       3003
43         1.5272   12853.38      29.9%       2924
44         1.5156   12750.06      29.6%       2940
45         1.5523   13359.59      31.9%       2936
46         1.5139   12627.30      30.1%       2879
47         1.5436   13162.85      30.3%       2993
48         1.5635   13484.88      29.8%       2941
49         1.5366   13115.43      31.1%       2931
50         1.5156   12718.22      30.8%       2943
51         1.5102   12570.87      29.4%       2981
