Loading data/continuation_plays.json ...
Found 7509 unique (ticker, date) pairs.
  [50/7509] scanned
  [100/7509] scanned
  [150/7509] scanned
  [200/7509] scanned
  [250/7509] scanned
  [300/7509] scanned
  [350/7509] scanned
  [400/7509] scanned
  [450/7509] scanned
  [500/7509] scanned
  [550/7509] scanned
  [600/7509] scanned
  [650/7509] scanned
  [700/7509] scanned
  [750/7509] scanned
  [800/7509] scanned
  [850/7509] scanned
  [900/7509] scanned
  [950/7509] scanned
  [1000/7509] scanned
  [1050/7509] scanned
  [1100/7509] scanned
  [1150/7509] scanned
  [1200/7509] scanned
  [1250/7509] scanned
  [1300/7509] scanned
  [1350/7509] scanned
  [1400/7509] scanned
  [1450/7509] scanned
  [1500/7509] scanned
  [1550/7509] scanned
  [1600/7509] scanned
  [1650/7509] scanned
  [1700/7509] scanned
  [1750/7509] scanned
  [1800/7509] scanned
  [1850/7509] scanned
  [1900/7509] scanned
  [1950/7509] scanned
  [2000/7509] scanned
  [2050/7509] scanned
  [2100/7509] scanned
  [2150/7509] scanned
  [2200/7509] scanned
  [2250/7509] scanned
  [2300/7509] scanned
  [2350/7509] scanned
  [2400/7509] scanned
  [2450/7509] scanned
  [2500/7509] scanned
  [2550/7509] scanned
  [2600/7509] scanned
  [2650/7509] scanned
  [2700/7509] scanned
  [2750/7509] scanned
  [2800/7509] scanned
  [2850/7509] scanned
  [2900/7509] scanned
  [2950/7509] scanned
  [3000/7509] scanned
  [3050/7509] scanned
  [3100/7509] scanned
  [3150/7509] scanned
  [3200/7509] scanned
  [3250/7509] scanned
  [3300/7509] scanned
  [3350/7509] scanned
  [3400/7509] scanned
  [3450/7509] scanned
  [3500/7509] scanned
  [3550/7509] scanned
  [3600/7509] scanned
  [3650/7509] scanned
  [3700/7509] scanned
  [3750/7509] scanned
  [3800/7509] scanned
  [3850/7509] scanned
  [3900/7509] scanned
  [3950/7509] scanned
  [4000/7509] scanned
  [4050/7509] scanned
  [4100/7509] scanned
  [4150/7509] scanned
  [4200/7509] scanned
  [4250/7509] scanned
  [4300/7509] scanned
  [4350/7509] scanned
  [4400/7509] scanned
  [4450/7509] scanned
  [4500/7509] scanned
  [4550/7509] scanned
  [4600/7509] scanned
  [4650/7509] scanned
  [4700/7509] scanned
  [4750/7509] scanned
  [4800/7509] scanned
  [4850/7509] scanned
  [4900/7509] scanned
  [4950/7509] scanned
  [5000/7509] scanned
  [5050/7509] scanned
  [5100/7509] scanned
  [5150/7509] scanned
  [5200/7509] scanned
  [5250/7509] scanned
  [5300/7509] scanned
  [5350/7509] scanned
  [5400/7509] scanned
  [5450/7509] scanned
  [5500/7509] scanned
  [5550/7509] scanned
  [5600/7509] scanned
  [5650/7509] scanned
  [5700/7509] scanned
  [5750/7509] scanned
  [5800/7509] scanned
  [5850/7509] scanned
  [5900/7509] scanned
  [5950/7509] scanned
  [6000/7509] scanned
  [6050/7509] scanned
  [6100/7509] scanned
  [6150/7509] scanned
  [6200/7509] scanned
  [6250/7509] scanned
  [6300/7509] scanned
  [6350/7509] scanned
  [6400/7509] scanned
  [6450/7509] scanned
  [6500/7509] scanned
  [6550/7509] scanned
  [6600/7509] scanned
  [6650/7509] scanned
  [6700/7509] scanned
  [6750/7509] scanned
  [6800/7509] scanned
  [6850/7509] scanned
  [6900/7509] scanned
  [6950/7509] scanned
  [7000/7509] scanned
  [7050/7509] scanned
  [7100/7509] scanned
  [7150/7509] scanned
  [7200/7509] scanned
  [7250/7509] scanned
  [7300/7509] scanned
  [7350/7509] scanned
  [7400/7509] scanned
  [7450/7509] scanned
  [7500/7509] scanned
  [7509/7509] scanned
Writing data/market_hours.json ...

Done. 7509 entries written.
  officialOpen  present: 7388 / 7509
  officialClose present: 7369 / 7509
  openingPrint  present: 7387 / 7509
  closingPrint  present: 7323 / 7509
