Parsed 106 stocks-in-play entries from ps1
Trade files present for 106 of them

Bar exponents: [-13;-5;-6;-6]
Bar pcts:      [0.01967;0.00847;0.00941;0.00941]
Position size: $30000, referenceVol: 0.0095
Loss limits: None + 21 values from $12000 down to $1459

Preloading trade files...
Loaded 106 files in 75.4s (2538 MB working set)

lossLimit        totalP&L      eff    avgPos$      W      L    dec    sec
--------------------------------------------------------------------------------
None            117468.28  27.8506    4217.81     77     27   1674    4.7
12000           117468.28  27.8506    4217.81     77     27   1674    4.7
10800           117468.28  27.8506    4217.81     77     27   1674    4.6
9720            117468.28  27.8506    4217.81     77     27   1674    4.5
8748            117468.28  27.8506    4217.81     77     27   1674    4.6
7873            117468.28  27.8506    4217.81     77     27   1674    4.6
7086            117468.28  27.8506    4217.81     77     27   1674    4.6
6377            117468.28  27.8506    4217.81     77     27   1674    4.8
5740            117468.28  27.8506    4217.81     77     27   1674    4.6
5166            117468.28  27.8506    4217.81     77     27   1674    4.6
4649            117468.28  27.8506    4217.81     77     27   1674    4.7
4184            117468.28  27.8506    4217.81     77     27   1674    4.6
3766            117468.28  27.8506    4217.81     77     27   1674    4.7
3389            117468.28  27.8506    4217.81     77     27   1674    4.6
3050            117468.28  27.8506    4217.81     77     27   1674    4.6
2745            117468.28  27.8506    4217.81     77     27   1674    4.7
2471            117468.28  27.8506    4217.81     77     27   1674    4.7
2224            117013.36  27.7427    4217.81     77     27   1674    4.6
2001            117169.90  27.7976    4215.11     77     27   1673    4.6
1801            115749.26  27.4793    4212.24     77     27   1672    4.7
1621            107442.11  25.6369    4190.92     76     28   1669    4.6
1459            107985.26  25.9433    4162.35     76     28   1665    4.6

=== Best by total P&L ===
  lossLimit=None        P&L=$117468.28  eff=27.8506

=== Best by efficiency (P&L / avgPos) ===
  lossLimit=None        P&L=$117468.28  eff=27.8506
