Parsed 106 stocks-in-play entries from ps1
Trade files present for 106 of them

Preloading trade files...
Loaded 106 files in 83.6s (2352 MB working set)

Greedy walk (1d): seed=42, budget=2h, base=0.005, decay=0.900
Position size: $30000, referenceVol: 0.0095
Start: [-2;-5;-6;-6]

[eval   0] [-2;-5;-6;-6]  pcts=[0.0062;0.0085;0.0094;0.0094]  total=$118798.96  eff=26.8213  avgPos=$   4429  W/L/F= 79/ 25/  2  dec= 1697  (4.7s)  <-- start
[eval   1] [-2;-5;-4;-6]  pcts=[0.0062;0.0085;0.0076;0.0094]  total=$117827.88  eff=26.0789  avgPos=$   4518  W/L/F= 80/ 24/  2  dec= 1727  (4.8s)
[eval   2] [-1;-5;-6;-6]  pcts=[0.0056;0.0085;0.0094;0.0094]  total=$116908.20  eff=26.0844  avgPos=$   4482  W/L/F= 75/ 29/  2  dec= 1713  (4.7s)
[eval   3] [-3;-5;-6;-6]  pcts=[0.0069;0.0085;0.0094;0.0094]  total=$117158.52  eff=26.4077  avgPos=$   4437  W/L/F= 78/ 26/  2  dec= 1693  (4.8s)
[eval   4] [-2;-5;-9;-6]  pcts=[0.0062;0.0085;0.0129;0.0094]  total=$117635.40  eff=26.7194  avgPos=$   4403  W/L/F= 79/ 25/  2  dec= 1653  (4.8s)
[eval   5] [1;-5;-6;-6]  pcts=[0.0045;0.0085;0.0094;0.0094]  total=$116500.55  eff=25.5539  avgPos=$   4559  W/L/F= 76/ 28/  2  dec= 1724  (4.8s)
[eval   6] [-2;-7;-6;-6]  pcts=[0.0062;0.0105;0.0094;0.0094]  total=$113454.00  eff=25.4092  avgPos=$   4465  W/L/F= 78/ 26/  2  dec= 1689  (4.8s)
[eval   7] [-2;-5;-6;-10]  pcts=[0.0062;0.0085;0.0094;0.0143]  total=$ 97299.76  eff=24.1211  avgPos=$   4034  W/L/F= 80/ 24/  2  dec= 1506  (4.5s)
[eval   8] [-2;-5;-10;-6]  pcts=[0.0062;0.0085;0.0143;0.0094]  total=$116512.11  eff=26.5898  avgPos=$   4382  W/L/F= 81/ 23/  2  dec= 1645  (4.8s)
[eval   9] [2;-5;-6;-6]  pcts=[0.0041;0.0085;0.0094;0.0094]  total=$117730.79  eff=25.9336  avgPos=$   4540  W/L/F= 77/ 27/  2  dec= 1721  (4.7s)
[eval  10] [-2;-5;-6;-8]  pcts=[0.0062;0.0085;0.0094;0.0116]  total=$105079.20  eff=24.5416  avgPos=$   4282  W/L/F= 82/ 22/  2  dec= 1602  (4.5s)
[eval  11] [-2;-8;-6;-6]  pcts=[0.0062;0.0116;0.0094;0.0094]  total=$110165.87  eff=24.8518  avgPos=$   4433  W/L/F= 78/ 26/  2  dec= 1693  (4.7s)
[eval  12] [-2;-6;-6;-6]  pcts=[0.0062;0.0094;0.0094;0.0094]  total=$116076.71  eff=26.1952  avgPos=$   4431  W/L/F= 78/ 26/  2  dec= 1693  (4.7s)
[eval  13] [-2;-5;-7;-6]  pcts=[0.0062;0.0085;0.0105;0.0094]  total=$116233.94  eff=26.0728  avgPos=$   4458  W/L/F= 80/ 24/  2  dec= 1681  (4.7s)
[eval  14] [-2;-3;-6;-6]  pcts=[0.0062;0.0069;0.0094;0.0094]  total=$116213.32  eff=25.9302  avgPos=$   4482  W/L/F= 78/ 26/  2  dec= 1711  (4.8s)
[eval  15] [-2;-2;-6;-6]  pcts=[0.0062;0.0062;0.0094;0.0094]  total=$119428.11  eff=26.7094  avgPos=$   4471  W/L/F= 80/ 24/  2  dec= 1719  (4.7s)
[eval  16] [-2;-9;-6;-6]  pcts=[0.0062;0.0129;0.0094;0.0094]  total=$111102.09  eff=25.3548  avgPos=$   4382  W/L/F= 78/ 26/  2  dec= 1685  (4.8s)
[eval  17] [-2;-5;-3;-6]  pcts=[0.0062;0.0085;0.0069;0.0094]  total=$117582.50  eff=25.9832  avgPos=$   4525  W/L/F= 81/ 23/  2  dec= 1745  (4.7s)
[eval  18] [-6;-5;-6;-6]  pcts=[0.0094;0.0085;0.0094;0.0094]  total=$116934.25  eff=26.8753  avgPos=$   4351  W/L/F= 79/ 25/  2  dec= 1685  (4.7s) <-- new best
[eval  19] [-6;-5;-6;-8]  pcts=[0.0094;0.0085;0.0094;0.0116]  total=$103214.25  eff=24.5912  avgPos=$   4197  W/L/F= 79/ 25/  2  dec= 1590  (4.6s)
[eval  20] [-6;-5;-8;-6]  pcts=[0.0094;0.0085;0.0116;0.0094]  total=$113646.33  eff=26.0651  avgPos=$   4360  W/L/F= 79/ 25/  2  dec= 1663  (4.7s)
[eval  21] [-6;-3;-6;-6]  pcts=[0.0094;0.0069;0.0094;0.0094]  total=$114013.59  eff=26.0750  avgPos=$   4373  W/L/F= 78/ 26/  2  dec= 1695  (4.8s)
[eval  22] [-5;-5;-6;-6]  pcts=[0.0085;0.0085;0.0094;0.0094]  total=$116992.70  eff=26.7911  avgPos=$   4367  W/L/F= 78/ 26/  2  dec= 1696  (4.7s)
[eval  23] [-8;-5;-6;-6]  pcts=[0.0116;0.0085;0.0094;0.0094]  total=$117177.06  eff=27.2753  avgPos=$   4296  W/L/F= 78/ 26/  2  dec= 1689  (4.8s) <-- new best
[eval  24] [-8;-5;-2;-6]  pcts=[0.0116;0.0085;0.0062;0.0094]  total=$114844.82  eff=25.7526  avgPos=$   4460  W/L/F= 77/ 27/  2  dec= 1755  (4.8s)
[eval  25] [-8;-5;-6;-8]  pcts=[0.0116;0.0085;0.0094;0.0116]  total=$103456.77  eff=24.9943  avgPos=$   4139  W/L/F= 80/ 24/  2  dec= 1594  (4.5s)
[eval  26] [-8;-5;-9;-6]  pcts=[0.0116;0.0085;0.0129;0.0094]  total=$115964.63  eff=27.1867  avgPos=$   4265  W/L/F= 78/ 26/  2  dec= 1645  (4.7s)
[eval  27] [-11;-5;-6;-6]  pcts=[0.0159;0.0085;0.0094;0.0094]  total=$116550.97  eff=27.3194  avgPos=$   4266  W/L/F= 78/ 26/  2  dec= 1682  (4.7s) <-- new best
[eval  28] [-11;-5;-2;-6]  pcts=[0.0159;0.0085;0.0062;0.0094]  total=$114223.09  eff=25.7748  avgPos=$   4432  W/L/F= 78/ 26/  2  dec= 1748  (4.7s)
[eval  29] [-10;-5;-6;-6]  pcts=[0.0143;0.0085;0.0094;0.0094]  total=$117428.88  eff=27.4455  avgPos=$   4279  W/L/F= 78/ 26/  2  dec= 1679  (4.7s) <-- new best
[eval  30] [-10;-5;-6;-4]  pcts=[0.0143;0.0085;0.0094;0.0076]  total=$118796.51  eff=26.2833  avgPos=$   4520  W/L/F= 78/ 26/  2  dec= 1822  (4.9s)
[eval  31] [-10;-5;-3;-6]  pcts=[0.0143;0.0085;0.0069;0.0094]  total=$116145.95  eff=26.5161  avgPos=$   4380  W/L/F= 78/ 26/  2  dec= 1727  (4.8s)
[eval  32] [-10;-5;-10;-6]  pcts=[0.0143;0.0085;0.0143;0.0094]  total=$115108.14  eff=27.2414  avgPos=$   4225  W/L/F= 78/ 26/  2  dec= 1627  (4.8s)
[eval  33] [-7;-5;-6;-6]  pcts=[0.0105;0.0085;0.0094;0.0094]  total=$115498.15  eff=26.7150  avgPos=$   4323  W/L/F= 79/ 25/  2  dec= 1689  (4.7s)
[eval  34] [-13;-5;-6;-6]  pcts=[0.0197;0.0085;0.0094;0.0094]  total=$117468.28  eff=27.8506  avgPos=$   4218  W/L/F= 77/ 27/  2  dec= 1674  (4.7s) <-- new best
[eval  35] [-13;-6;-6;-6]  pcts=[0.0197;0.0094;0.0094;0.0094]  total=$113707.21  eff=27.0876  avgPos=$   4198  W/L/F= 78/ 26/  2  dec= 1665  (4.6s)
[eval  36] [-13;-5;-7;-6]  pcts=[0.0197;0.0085;0.0105;0.0094]  total=$114912.20  eff=27.0710  avgPos=$   4245  W/L/F= 78/ 26/  2  dec= 1658  (4.8s)
[eval  37] [-13;-5;-6;-8]  pcts=[0.0197;0.0085;0.0094;0.0116]  total=$103747.63  eff=25.5895  avgPos=$   4054  W/L/F= 79/ 25/  2  dec= 1579  (4.5s)
[eval  38] [-17;-5;-6;-6]  pcts=[0.0300;0.0085;0.0094;0.0094]  total=$116790.82  eff=27.6953  avgPos=$   4217  W/L/F= 78/ 26/  2  dec= 1677  (4.7s)
[eval  39] [-13;-5;-9;-6]  pcts=[0.0197;0.0085;0.0129;0.0094]  total=$116261.76  eff=27.7829  avgPos=$   4185  W/L/F= 77/ 27/  2  dec= 1630  (4.7s)
[eval  40] [-13;-5;-6;-7]  pcts=[0.0197;0.0085;0.0094;0.0105]  total=$111439.23  eff=26.9121  avgPos=$   4141  W/L/F= 79/ 25/  2  dec= 1604  (4.7s)
[eval  41] [-13;-5;-2;-6]  pcts=[0.0197;0.0085;0.0062;0.0094]  total=$115140.93  eff=26.2525  avgPos=$   4386  W/L/F= 77/ 27/  2  dec= 1740  (4.8s)
[eval  42] [-13;-4;-6;-6]  pcts=[0.0197;0.0076;0.0094;0.0094]  total=$116803.01  eff=27.5235  avgPos=$   4244  W/L/F= 76/ 28/  2  dec= 1676  (4.7s)
[eval  43] [-12;-5;-6;-6]  pcts=[0.0177;0.0085;0.0094;0.0094]  total=$115801.11  eff=27.1164  avgPos=$   4271  W/L/F= 78/ 26/  2  dec= 1682  (4.8s)
[eval  44] [-16;-5;-6;-6]  pcts=[0.0270;0.0085;0.0094;0.0094]  total=$116400.17  eff=27.6745  avgPos=$   4206  W/L/F= 78/ 26/  2  dec= 1672  (4.6s)
[eval  45] [-14;-5;-6;-6]  pcts=[0.0219;0.0085;0.0094;0.0094]  total=$116893.97  eff=27.6726  avgPos=$   4224  W/L/F= 79/ 25/  2  dec= 1674  (4.6s)
[eval  46] [-13;-5;-6;-9]  pcts=[0.0197;0.0085;0.0094;0.0129]  total=$103462.59  eff=26.5610  avgPos=$   3895  W/L/F= 80/ 24/  2  dec= 1515  (4.4s)
[eval  47] [-13;-5;-4;-6]  pcts=[0.0197;0.0085;0.0076;0.0094]  total=$116496.47  eff=27.0173  avgPos=$   4312  W/L/F= 77/ 27/  2  dec= 1704  (4.7s)
[eval  48] [-9;-5;-6;-6]  pcts=[0.0129;0.0085;0.0094;0.0094]  total=$117105.03  eff=27.2379  avgPos=$   4299  W/L/F= 79/ 25/  2  dec= 1679  (4.7s)
[eval  49] [-13;-7;-6;-6]  pcts=[0.0197;0.0105;0.0094;0.0094]  total=$112331.48  eff=26.6680  avgPos=$   4212  W/L/F= 77/ 27/  2  dec= 1660  (4.8s)
[eval  50] [-13;-5;-6;-5]  pcts=[0.0197;0.0085;0.0094;0.0085]  total=$114925.73  eff=26.4094  avgPos=$   4352  W/L/F= 76/ 28/  2  dec= 1743  (4.9s)
[eval  51] [-13;-2;-6;-6]  pcts=[0.0197;0.0062;0.0094;0.0094]  total=$117211.14  eff=27.5101  avgPos=$   4261  W/L/F= 79/ 25/  2  dec= 1697  (4.8s)
[eval  52] [-13;-5;-3;-6]  pcts=[0.0197;0.0085;0.0069;0.0094]  total=$116177.45  eff=26.8836  avgPos=$   4322  W/L/F= 78/ 26/  2  dec= 1722  (4.6s)
[eval  53] [-13;-9;-6;-6]  pcts=[0.0197;0.0129;0.0094;0.0094]  total=$111208.73  eff=26.9055  avgPos=$   4133  W/L/F= 77/ 27/  2  dec= 1651  (4.7s)
[eval  54] [-15;-5;-6;-6]  pcts=[0.0243;0.0085;0.0094;0.0094]  total=$117134.33  eff=27.6999  avgPos=$   4229  W/L/F= 79/ 25/  2  dec= 1668  (4.7s)
[eval  55] [-13;-5;-6;-10]  pcts=[0.0197;0.0085;0.0094;0.0143]  total=$ 95957.73  eff=25.3424  avgPos=$   3786  W/L/F= 79/ 25/  2  dec= 1483  (4.4s)
[eval  56] [-13;-5;-8;-6]  pcts=[0.0197;0.0085;0.0116;0.0094]  total=$114193.12  eff=27.0273  avgPos=$   4225  W/L/F= 78/ 25/  3  dec= 1652  (4.6s)
[eval  57] [-13;-8;-6;-6]  pcts=[0.0197;0.0116;0.0094;0.0094]  total=$110786.96  eff=26.5021  avgPos=$   4180  W/L/F= 78/ 26/  2  dec= 1657  (4.7s)
[eval  58] [-13;-5;-10;-6]  pcts=[0.0197;0.0085;0.0143;0.0094]  total=$115148.50  eff=27.6639  avgPos=$   4162  W/L/F= 79/ 25/  2  dec= 1622  (4.7s)
[eval  59] [-13;-5;-6;-3]  pcts=[0.0197;0.0085;0.0094;0.0069]  total=$124268.51  eff=26.8871  avgPos=$   4622  W/L/F= 78/ 26/  2  dec= 1850  (5.3s)
[eval  60] [-13;-5;-6;-4]  pcts=[0.0197;0.0085;0.0094;0.0076]  total=$118835.89  eff=26.6162  avgPos=$   4465  W/L/F= 78/ 26/  2  dec= 1817  (5.0s)
[eval  61] [-13;-3;-6;-6]  pcts=[0.0197;0.0069;0.0094;0.0094]  total=$112718.64  eff=26.4868  avgPos=$   4256  W/L/F= 76/ 28/  2  dec= 1688  (4.7s)
[eval  62] [-13;-1;-6;-6]  pcts=[0.0197;0.0056;0.0094;0.0094]  total=$117534.77  eff=27.3942  avgPos=$   4290  W/L/F= 76/ 28/  2  dec= 1703  (4.8s)
[eval  63] [-13;-5;-5;-6]  pcts=[0.0197;0.0085;0.0085;0.0094]  total=$114590.05  eff=26.6843  avgPos=$   4294  W/L/F= 77/ 27/  2  dec= 1692  (4.8s)
[eval  64] [-13;-5;-6;-2]  pcts=[0.0197;0.0085;0.0094;0.0062]  total=$124640.65  eff=26.2665  avgPos=$   4745  W/L/F= 79/ 25/  2  dec= 1912  (5.5s)
[done] all single-dim neighbors of best exhausted, local optimum found

Sweep finished in 307.3s after 65 evaluations

=== Best ===
Exponents: [-13;-5;-6;-6]
Pcts:      [0.01967;0.00847;0.00941;0.00941]
Efficiency: 27.8506

=== All evaluations sorted by efficiency (top 20) ===
  # 34  [-13;-5;-6;-6]  $117468.28  eff=27.8506  pcts=[0.0197;0.0085;0.0094;0.0094]
  # 39  [-13;-5;-9;-6]  $116261.76  eff=27.7829  pcts=[0.0197;0.0085;0.0129;0.0094]
  # 54  [-15;-5;-6;-6]  $117134.33  eff=27.6999  pcts=[0.0243;0.0085;0.0094;0.0094]
  # 38  [-17;-5;-6;-6]  $116790.82  eff=27.6953  pcts=[0.0300;0.0085;0.0094;0.0094]
  # 44  [-16;-5;-6;-6]  $116400.17  eff=27.6745  pcts=[0.0270;0.0085;0.0094;0.0094]
  # 45  [-14;-5;-6;-6]  $116893.97  eff=27.6726  pcts=[0.0219;0.0085;0.0094;0.0094]
  # 58  [-13;-5;-10;-6]  $115148.50  eff=27.6639  pcts=[0.0197;0.0085;0.0143;0.0094]
  # 42  [-13;-4;-6;-6]  $116803.01  eff=27.5235  pcts=[0.0197;0.0076;0.0094;0.0094]
  # 51  [-13;-2;-6;-6]  $117211.14  eff=27.5101  pcts=[0.0197;0.0062;0.0094;0.0094]
  # 29  [-10;-5;-6;-6]  $117428.88  eff=27.4455  pcts=[0.0143;0.0085;0.0094;0.0094]
  # 62  [-13;-1;-6;-6]  $117534.77  eff=27.3942  pcts=[0.0197;0.0056;0.0094;0.0094]
  # 27  [-11;-5;-6;-6]  $116550.97  eff=27.3194  pcts=[0.0159;0.0085;0.0094;0.0094]
  # 23  [-8;-5;-6;-6]  $117177.06  eff=27.2753  pcts=[0.0116;0.0085;0.0094;0.0094]
  # 32  [-10;-5;-10;-6]  $115108.14  eff=27.2414  pcts=[0.0143;0.0085;0.0143;0.0094]
  # 48  [-9;-5;-6;-6]  $117105.03  eff=27.2379  pcts=[0.0129;0.0085;0.0094;0.0094]
  # 26  [-8;-5;-9;-6]  $115964.63  eff=27.1867  pcts=[0.0116;0.0085;0.0129;0.0094]
  # 43  [-12;-5;-6;-6]  $115801.11  eff=27.1164  pcts=[0.0177;0.0085;0.0094;0.0094]
  # 35  [-13;-6;-6;-6]  $113707.21  eff=27.0876  pcts=[0.0197;0.0094;0.0094;0.0094]
  # 36  [-13;-5;-7;-6]  $114912.20  eff=27.0710  pcts=[0.0197;0.0085;0.0105;0.0094]
  # 56  [-13;-5;-8;-6]  $114193.12  eff=27.0273  pcts=[0.0197;0.0085;0.0116;0.0094]
