Parsed 106 stocks-in-play entries from ps1
Trade files present for 106 of them

Preloading trade files...
Loaded 106 files in 77.0s (2122 MB working set)

Bar exponents: [-2;-5;-6;-6]
Bar pcts:      [0.00617;0.00847;0.00941;0.00941]
Position size: $30000

refVol         totalP&L     variance    avgPos$       risk      W      L trades    sec
------------------------------------------------------------------------------------------
None          394082.12 9501712.8089   30012.30  13.130687     81     25   1635    4.0
0.012000      135568.61 1704762.6712    5479.99  24.738838     79     25   1597    4.8
0.011940      135232.03 1701116.2811    5456.12  24.785364     79     25   1597    4.7
0.011881      134885.19 1697466.4315    5432.24  24.830486     78     26   1597    4.8
0.011822      134557.41 1693870.8446    5408.83  24.877350     78     26   1597    4.8
0.011763      134245.75 1690828.5039    5385.07  24.929267     79     25   1597    4.8
0.011704      133908.55 1687281.6901    5362.50  24.971290     79     25   1597    4.7
0.011646      133579.63 1683752.2982    5338.70  25.021001     79     25   1597    4.7
0.011588      133273.96 1680781.3395    5315.12  25.074513     79     25   1597    4.7
0.011531      132934.31 1677315.1996    5292.68  25.116640     79     25   1597    4.6
0.011473      132600.06 1673859.7092    5268.78  25.167150     79     25   1597    4.7
0.011416      132295.66 1670964.4831    5245.63  25.220190     80     24   1597    4.7
0.011359      131941.49 1667582.2320    5221.64  25.268226     79     25   1597    4.8
0.011303      131651.01 1664714.8859    5197.70  25.328707     80     24   1597    4.8
0.011247      131330.94 1661377.3127    5173.81  25.383780     80     24   1597    4.7
0.011191      130998.60 1658075.8737    5150.15  25.435887     80     24   1597    4.8
0.011135      130705.66 1655287.9135    5127.76  25.489797     80     24   1597    4.6
0.011080      130374.80 1652003.7571    5104.12  25.543048     80     24   1597    4.7
0.011024      130072.24 1649202.8083    5082.06  25.594407     80     24   1597    4.7
0.010970      129745.06 1645916.6561    5059.71  25.642811     79     25   1597    4.7
0.010915      129448.49 1643170.8936    5036.74  25.700848     79     25   1597    4.7
0.010861      129144.18 1639949.3661    5013.17  25.761005     79     25   1597    4.7
0.010807      128842.96 1637250.2915    4990.50  25.817657     79     25   1597    4.8
0.010753      128503.81 1634063.0058    4968.20  25.865264     79     25   1597    4.7
0.010699      128204.41 1631400.3659    4945.74  25.922206     79     25   1597    4.6
0.010646      127897.77 1628254.1907    4922.31  25.983303     79     25   1597    4.7
0.010593      127577.27 1625597.3351    4900.35  26.034304     79     25   1597    4.6
0.010541      127201.29 1622099.7877    4878.44  26.074187     79     25   1597    4.7
0.010488      126829.00 1618475.2989    4855.24  26.122075     79     25   1597    4.7
0.010436      126463.00 1614885.0536    4832.71  26.168156     79     25   1597    4.7
0.010384      126073.36 1610863.4686    4809.66  26.212554     79     25   1597    4.8
0.010332      125716.39 1607333.6477    4787.03  26.261866     79     25   1597    4.7
0.010281      125338.92 1603829.4381    4764.28  26.308053     80     24   1597    4.8
0.010230      124948.72 1599894.5118    4741.78  26.350585     79     25   1597    4.8
0.010179      124595.55 1596458.6223    4718.95  26.403224     79     25   1597    4.7
0.010128      124199.79 1594581.3139    4701.07  26.419493     79     25   1595    4.8
0.010078      123839.58 1591199.9880    4679.26  26.465642     79     25   1595    4.7
0.010028      123481.84 1587859.5119    4655.76  26.522367     80     24   1595    4.7
0.009978      123118.44 1584530.6100    4634.07  26.568116     79     25   1595    4.7
0.009928      122745.86 1580795.6237    4613.16  26.607751     79     25   1595    4.7
0.009879      122406.11 1579485.0011    4596.78  26.628677     80     24   1593    4.7
0.009830      122045.52 1576241.0777    4574.99  26.676649     80     24   1593    4.7
0.009781      121642.64 1572571.4853    4554.02  26.711050     79     25   1593    4.7
0.009732      121301.73 1569381.7458    4532.48  26.762784     79     25   1593    4.6
0.009684      120931.33 1566216.1397    4511.25  26.806601     79     25   1593    4.7
0.009636      120436.23 1554792.0480    4491.33  26.815257     79     25   1593    4.8
0.009588      119861.33 1539601.5504    4470.27  26.812977     79     25   1593    4.7
0.009540      119269.72 1524141.8036    4447.43  26.817643     79     25   1593    4.7
0.009492      118696.88 1509245.6319    4425.62  26.820378     79     25   1593    4.7
0.009445      118153.31 1494506.1536    4405.23  26.821155     79     25   1593    4.6
0.009398      117586.44 1479876.4820    4384.75  26.817132     79     25   1593    4.7
0.009351      117047.05 1465426.3967    4363.99  26.821128     79     25   1593    4.6
0.009305      116499.06 1451063.7672    4344.27  26.816733     79     25   1593    4.7
0.009259      115889.19 1436459.5884    4323.31  26.805673     80     24   1593    4.7
0.009213      115320.13 1422387.1674    4302.48  26.803160     81     23   1593    4.7
0.009167      114776.11 1410250.6517    4287.12  26.772293     81     23   1591    4.8
0.009121      114227.72 1396391.9334    4267.37  26.767715     81     23   1591    4.7
0.009076      113661.94 1382698.8517    4246.43  26.766464     80     24   1591    4.7
0.009031      113103.92 1369045.7293    4225.43  26.767451     79     25   1591    4.7
0.008986      112537.81 1355488.0981    4204.60  26.765382     79     25   1591    4.7
0.008941      111955.93 1342042.9525    4184.79  26.753051     79     25   1591    4.7
0.008896      111392.21 1328737.6266    4164.73  26.746534     79     25   1591    4.7
0.008852      110834.26 1315584.9725    4144.13  26.744854     79     25   1591    4.6
0.008808      110283.64 1302521.6108    4123.92  26.742457     79     25   1591    4.8
0.008764      109734.96 1289629.6798    4104.22  26.737078     79     25   1591    4.7
0.008721      109182.80 1276836.0604    4083.44  26.737957     79     25   1591    4.8
0.008677      108635.03 1264125.7171    4063.11  26.736896     79     25   1591    4.7
0.008634      108100.64 1251577.0800    4042.53  26.740860     78     26   1591    4.8
0.008591      107557.13 1239172.7290    4022.60  26.738229     78     26   1591    4.7
0.008548      107038.25 1226862.6074    4002.99  26.739574     78     26   1591    4.7
0.008506      106482.23 1214666.1923    3983.55  26.730480     78     26   1591    4.7
0.008464      105948.35 1202608.0032    3964.20  26.726311     78     26   1591    4.7
0.008422      105416.22 1190630.1461    3944.83  26.722647     79     25   1591    4.8
0.008380      104899.57 1178790.3745    3925.61  26.721860     79     25   1591    4.8
0.008338      104373.02 1167052.1167    3906.92  26.714879     79     25   1591    4.8
0.008296      103838.21 1155448.0127    3887.50  26.710816     79     25   1591    4.7
0.008255      103314.11 1143941.1464    3868.46  26.706763     79     25   1591    4.7
0.008214      102800.41 1133965.4808    3853.60  26.676490     79     25   1589    4.7
0.008173      102303.54 1122668.4785    3834.63  26.678851     79     25   1589    4.7
0.008133      101821.40 1113244.8253    3819.23  26.660194     79     25   1587    4.6
0.008092      101289.09 1102149.0299    3800.33  26.652728     80     24   1587    4.7
0.008052      100791.91 1091178.9946    3781.22  26.655949     80     24   1587    4.7

=== Best by total P&L ===
  refVol=None        P&L=$394082.12  var=9501712.8089  avgPos=$30012.30  risk=13.130687

=== Best by return efficiency (totalP&L / avgPos, higher is better) ===
  refVol=0.0094      P&L=$118153.31  var=1494506.1536  avgPos=$4405.23  risk=26.821155
