Loading 3409 days from data/breakouts_rvol3plus.json ...
Loaded 3409 days (358,857,743 trades) in 6.374s (skipped 0 for missing avg_volume_4w)

=== Time-bar sweep: 60 bucket sizes x 3409 days = 204540 tasks (cores=16) ===
  Parallel:   126.321s
  Per-bucket-size results:
    #       seconds          NetPnL       grossWins     grossLosses        PF
    [ 0]       1.00  $    373184.37  $    771607.69  $    398423.05     1.937
    [ 1]       2.00  $    360440.26  $    728864.71  $    368424.22     1.978
    [ 2]       3.00  $    348977.81  $    696131.89  $    347153.91     2.005
    [ 3]       4.00  $    337898.81  $    665350.47  $    327451.46     2.032
    [ 4]       5.00  $    326483.99  $    643109.79  $    316625.65     2.031
    [ 5]       6.00  $    314802.45  $    621147.31  $    306341.38     2.028
    [ 6]       7.00  $    308591.59  $    597982.29  $    289389.89     2.066
    [ 7]       8.00  $    306693.00  $    592198.64  $    285505.51     2.074
    [ 8]       9.00  $    293922.72  $    575967.81  $    282044.96     2.042
    [ 9]      10.00  $    289932.03  $    560319.50  $    270384.68     2.072
    [10]      11.00  $    279880.06  $    542744.53  $    262861.65     2.065
    [11]      12.00  $    277622.83  $    533780.69  $    256155.57     2.084
    [12]      13.00  $    263695.08  $    512974.92  $    249279.70     2.058
    [13]      14.00  $    262495.60  $    502856.75  $    240361.04     2.092
    [14]      15.00  $    265563.88  $    505101.29  $    239534.91     2.109
    [15]      16.00  $    248309.16  $    482140.34  $    233828.78     2.062
    [16]      17.00  $    245104.00  $    473390.15  $    228283.42     2.074
    [17]      18.00  $    248844.51  $    479681.83  $    230834.94     2.078
    [18]      19.00  $    241277.76  $    469567.40  $    228289.57     2.057
    [19]      20.00  $    239678.59  $    460455.76  $    220775.01     2.086
    [20]      21.00  $    234680.11  $    447842.72  $    213159.74     2.101
    [21]      22.00  $    223183.35  $    433734.71  $    210549.23     2.060
    [22]      23.00  $    219264.04  $    431475.26  $    212210.84     2.033
    [23]      24.00  $    226242.02  $    437794.39  $    211549.96     2.069
    [24]      25.00  $    226500.54  $    433483.95  $    206981.32     2.094
    [25]      26.00  $    207120.76  $    418263.17  $    211141.87     1.981
    [26]      27.00  $    216253.80  $    412450.38  $    196192.85     2.102
    [27]      28.00  $    212796.08  $    405742.81  $    192946.27     2.103
    [28]      29.00  $    201142.39  $    393042.33  $    191897.25     2.048
    [29]      30.00  $    210613.98  $    407842.38  $    197226.28     2.068
    [30]      31.00  $    187196.63  $    383846.93  $    196644.27     1.952
    [31]      32.00  $    197921.69  $    382697.11  $    184772.36     2.071
    [32]      33.00  $    193871.90  $    374917.48  $    181042.95     2.071
    [33]      34.00  $    194628.48  $    377430.12  $    182799.13     2.065
    [34]      35.00  $    189500.21  $    382191.06  $    192688.23     1.983
    [35]      36.00  $    199638.30  $    387993.80  $    188352.51     2.060
    [36]      37.00  $    200065.03  $    377811.88  $    177744.12     2.126
    [37]      38.00  $    195524.01  $    381293.46  $    185766.74     2.053
    [38]      39.00  $    167799.94  $    352356.49  $    184553.74     1.909
    [39]      40.00  $    188453.23  $    370869.19  $    182412.60     2.033
    [40]      41.00  $    167296.44  $    353546.77  $    186248.05     1.898
    [41]      42.00  $    183532.88  $    353540.07  $    170006.17     2.080
    [42]      43.00  $    182058.65  $    351405.45  $    169344.03     2.075
    [43]      44.00  $    170531.78  $    345423.33  $    174889.51     1.975
    [44]      45.00  $    188436.54  $    361235.73  $    172794.94     2.091
    [45]      46.00  $    167773.67  $    341468.52  $    173694.53     1.966
    [46]      47.00  $    167991.48  $    340913.37  $    172918.35     1.972
    [47]      48.00  $    154395.48  $    333214.91  $    178815.95     1.863
    [48]      49.00  $    165876.65  $    326171.63  $    160291.97     2.035
    [49]      50.00  $    165342.42  $    347965.52  $    182620.73     1.905
    [50]      51.00  $    158913.45  $    327640.20  $    168723.66     1.942
    [51]      52.00  $    152680.72  $    327951.44  $    175267.01     1.871
    [52]      53.00  $    149212.80  $    315988.50  $    166772.06     1.895
    [53]      54.00  $    144541.83  $    311689.34  $    167143.62     1.865
    [54]      55.00  $    160425.92  $    325991.40  $    165562.04     1.969
    [55]      56.00  $    155399.54  $    314729.63  $    159326.24     1.975
    [56]      57.00  $    151468.39  $    325724.92  $    174254.12     1.869
    [57]      58.00  $    162207.34  $    313143.03  $    150930.60     2.075
    [58]      59.00  $    157790.72  $    308820.60  $    151026.44     2.045
    [59]      60.00  $    166184.12  $    323740.22  $    157553.29     2.055