=== VWAP System Trade Breakdown (decision-level, no fill sim) ===
pcts: [0.01249;0.00561;0.02776;0.02914]
Position size: $30000  referenceVol: 0.000582  bandVol: 0.0  lossLimit: infinity

=== Per-Day Results (sorted by P&L) ===
Ticker Date             DayP&L trades      W      L     avgWin    avgLoss    avgPos$
------------------------------------------------------------------------------------------
RCAT   2026-03-02      2864.15      2      2      0    1432.08       0.00   11227.98
UGRO   2026-03-25      2724.33      7      3      4     931.04     -17.20    1571.08
SKYQ   2026-04-10      1178.07      9      4      5     313.61     -15.27    2170.76
VG     2026-03-03      1079.50      8      2      6     697.70     -52.65   10319.11
DOCN   2026-03-25      1059.23      7      1      6    1239.02     -29.97   13558.94
IOT    2026-03-06       970.36     11      2      9     620.17     -30.00    9809.07
AVAV   2026-03-02       941.55      9      2      7     574.87     -29.74    4753.36
BATL   2026-03-05       821.44      2      2      0     410.72       0.00    1421.05
WRD    2026-03-23       799.69      4      2      2     422.95     -23.10    3595.86
PAR    2026-03-13       788.04      4      2      2     410.45     -16.43    5669.73
TPET   2026-03-05       778.60     12      3      9     301.14     -13.87    1296.73
CAR    2026-03-27       754.16      5      3      2     287.02     -53.45   10422.21
CAR    2026-04-06       748.77      7      2      5     418.27     -17.56    4183.79
SOC    2026-03-05       614.98      1      1      0     614.98       0.00    2203.67
ADMA   2026-03-26       593.38     11      3      8     251.23     -20.04    2382.71
CLMT   2026-03-30       561.83     22      2     20     408.76     -12.78    6468.49
RYTM   2026-03-20       538.26      6      2      4     345.18     -38.02    8431.37
AAOI   2026-02-27       524.70      5      2      3     284.83     -14.99    2920.98
AESI   2026-04-06       470.20     24      2     22     584.90     -31.80   10510.78
CAR    2026-04-07       469.85      5      3      2     169.95     -20.00    3589.26
IMNM   2026-03-31       465.21      5      2      3     269.55     -24.63    9033.28
KOD    2026-03-27       448.87      6      3      3     172.37     -22.74    3093.61
KTB    2026-03-03       401.10      8      3      5     211.02     -46.39    6362.19
U      2026-03-27       378.34      6      4      2      97.98      -6.80    3965.23
AMPX   2026-03-05       364.44      4      2      2     202.90     -20.68    3703.76
CNXC   2026-03-24       360.90      5      2      3     207.47     -18.01    2919.34
NCNO   2026-04-01       356.26      1      1      0     356.26       0.00    5241.46
VG     2026-03-19       345.89      9      4      5     123.25     -29.43    5866.20
ARM    2026-03-25       345.01      4      2      2     184.07     -11.57    5784.17
EOSE   2026-04-09       344.68      5      2      3     196.16     -15.88    3318.69
ZD     2026-03-03       336.54      6      2      4     222.11     -26.92    3282.56
TME    2026-03-17       325.56     10      4      6      95.63      -9.49    7218.45
BCO    2026-02-27       319.57     20      4     16     127.89     -12.00    3344.22
PCT    2026-02-27       318.22      5      2      3     168.74      -6.42    2798.34
HROW   2026-03-03       313.24      3      2      1     164.98     -16.72    3686.02
FDX    2026-03-20       311.94      7      2      5     244.31     -35.34   11594.66
SRPT   2026-03-25       309.17      3      2      1     169.59     -30.01    2083.46
SLS    2026-03-20       284.03      5      3      2      99.64      -7.44    1808.55
MRVL   2026-03-06       278.97      8      1      7     488.69     -29.96    6585.49
CAR    2026-03-30       271.98      2      2      0     135.99       0.00    5158.71
BSX    2026-03-30       266.62      5      3      2      93.93      -7.59    7820.13
NFLX   2026-02-27       261.13      4      3      1      87.60      -1.68    4967.95
SE     2026-03-03       257.07      8      3      5     109.67     -14.39    3161.42
VSCO   2026-03-05       251.19     11      3      8     126.44     -16.02    4123.92
MOBX   2026-03-04       240.82      7      4      3      74.28     -18.77     703.42
TURB   2026-03-09       221.97      9      4      5      88.28     -26.23    1524.93
VCX    2026-03-25       220.88     16      4     12      95.00     -13.26     927.21
TTD    2026-03-05       216.92      4      2      2     123.72     -15.26    3546.80
ANNA   2026-03-24       201.97     11      2      9     180.81     -17.74    1251.40
NTSK   2026-03-12       193.48      8      3      5     104.77     -24.17    2809.36
CDIO   2026-02-27       190.92      7      3      4      90.92     -20.46    1923.23
AIXI   2026-04-07       188.97      3      3      0      62.99       0.00     806.55
DNTH   2026-03-09       187.06     12      2     10     200.32     -21.36    4868.09
AEHR   2026-04-07       185.13     12      2     10     161.06     -13.70    3203.15
SMPL   2026-04-09       184.22     17      3     14     144.28     -17.76    2528.88
SIDU   2026-04-07       177.87      8      3      5      86.74     -16.47    2073.57
BATL   2026-03-02       170.87      6      3      3      65.39      -8.43     914.18
TPET   2026-03-06       164.73      5      2      3     106.58     -16.14    1084.75
SMCI   2026-03-20       164.37      8      5      3      46.18     -22.18    2847.86
CAPR   2026-03-10       163.87     10      3      7      91.66     -15.87    2333.12
AEHR   2026-04-08       155.91      3      1      2     181.54     -12.82    3257.30
VCX    2026-03-24       152.74     12      3      9     103.02     -17.37     677.96
MEOH   2026-03-06       143.14     12      2     10     132.98     -12.28    3484.88
ARTL   2026-03-27       139.71     12      4      8      74.33     -19.70     500.04
EONR   2026-03-12       138.35     12      3      9      87.66     -13.85    1709.18
MDB    2026-03-03       137.75     10      1      9     250.79     -12.56    4922.24
CF     2026-03-12       136.55     13      4      9      82.47     -21.48    9929.20
SRRK   2026-03-31       132.32     12      3      9      97.44     -17.78    6748.77
BILI   2026-03-05       122.93      2      2      0      61.46       0.00    2909.08
WVE    2026-03-26       116.37      7      3      4      57.51     -14.04    1838.07
SATL   2026-03-26       111.86     14      2     12     182.02     -21.02    2194.56
AIFF   2026-03-26       108.81     11      3      8      89.71     -20.04     785.53
DVLT   2026-03-19       105.94     10      4      6      47.62     -14.09    1453.63
GPCR   2026-03-16       105.75     15      3     12      90.68     -13.86    3515.29
SPIR   2026-04-10        98.43     12      2     10     156.31     -21.42    3729.18
RIVN   2026-03-19        96.35      8      2      6     109.95     -20.59    7190.81
KTOS   2026-03-02        95.48      5      2      3      98.97     -34.15    5321.27
ULTA   2026-03-13        91.66     12      2     10     170.02     -24.84    9745.27
HIMS   2026-03-10        89.31     10      4      6      60.04     -25.14    2950.75
SGN    2026-03-10        86.74     10      3      7      62.29     -14.30    1168.44
FRO    2026-03-02        86.06      9      2      7      55.59      -3.59    2589.82
OLMA   2026-03-09        84.75      6      1      5     219.84     -27.02    2101.28
DELL   2026-02-27        83.75     11      2      9     175.43     -29.68   10653.73
NIO    2026-03-10        83.70     11      3      8      88.83     -22.85    7542.13
SSRM   2026-03-04        82.11     14      2     12     147.55     -17.75    8142.34
BUR    2026-03-30        80.01      8      5      3      21.97      -9.95    2408.98
RZLV   2026-03-30        76.07      5      2      3      57.30     -12.84    1272.69
SWMR   2026-03-18        74.37      9      3      6      59.64     -17.42     771.60
UMAC   2026-03-12        72.09     13      4      9      51.68     -14.96    3077.58
LIF    2026-03-03        71.93      5      2      3      92.52     -37.70    3511.47
ELAB   2026-03-31        71.41      8      2      6     114.87     -26.39    1289.10
NBIS   2026-03-16        66.46     10      3      7      54.16     -13.71    4078.36
VRDN   2026-03-30        65.46     15      3     12      66.76     -11.24    1709.92
XYZ    2026-02-27        64.97     12      5      7      38.25     -18.04    4208.80
DXST   2026-03-10        57.92     12      3      9      97.25     -25.98    1211.12
TWO    2026-03-19        52.90     13      4      8      31.64      -9.20    5357.26
LEVI   2026-04-08        51.70     22      4     18      92.87     -17.77    5802.71
ASNS   2026-03-11        43.81     14      4     10      37.73     -10.71     930.44
CLDX   2026-04-02        34.56     15      2     13     111.01     -14.42    4949.40
ALKS   2026-03-31        23.96     12      4      8      49.22     -21.62    5729.85
ELAB   2026-04-01        15.56     15      1     14     282.45     -19.06     841.22
KOS    2026-03-11        14.20      7      3      4      34.75     -22.51    2919.67
BNTX   2026-03-10        12.75      9      2      7      82.23     -21.67    5571.43
NBIS   2026-03-17        12.36     10      1      9     159.93     -16.40    8187.91
LASR   2026-03-02         7.51     12      3      9      58.14     -18.55    2208.17
FLY    2026-03-20         1.91     12      2     10      84.46     -16.70    3640.14
XENE   2026-03-09         1.82      6      3      3      14.45     -13.85    2197.76
DUOL   2026-02-27        -1.73      7      2      5      41.08     -16.78    1973.01
ROST   2026-03-04        -8.70     10      2      8      48.98     -13.33    5867.13
MAZE   2026-03-25        -9.80      8      1      7     151.95     -23.11    1187.79
SYY    2026-03-30       -10.87     21      2     19     177.43     -19.25    6884.13
ARM    2026-03-20       -10.91     10      2      8      62.22     -16.92    5780.29
SERV   2026-03-11       -14.03      4      2      2      31.68     -38.69    4290.46
GTLB   2026-03-04       -15.88      9      3      6      61.91     -33.60    4305.66
SAIL   2026-03-18       -16.28     21      6     15      12.18      -5.96    1886.68
AAOI   2026-03-02       -26.80      9      3      6      24.39     -16.66    1466.80
FRMI   2026-03-30       -28.81      8      2      6      52.44     -22.28    1382.33
WAL    2026-03-06       -31.58     19      3     16      85.39     -17.98    4312.63
EQNR   2026-03-02       -31.88     11      2      9      28.99      -9.99    6437.73
EEIQ   2026-03-30       -35.95      6      2      4      50.94     -34.46     777.59
PL     2026-03-20       -39.41     19      3     16      76.31     -16.77    3246.94
RH     2026-04-01       -42.89     11      4      7      18.71     -16.82    3296.77
AMBA   2026-02-27       -47.27     12      3      9      34.56     -16.77    2560.01
AGX    2026-03-27       -52.15     29      4     25      88.92     -16.31    4709.78
TURB   2026-04-02       -53.91      6      2      4       3.59     -15.27     695.26
UMAC   2026-03-09       -57.95     14      2     12      82.27     -18.54    2172.96
VG     2026-03-02       -58.75     13      3     10      46.11     -19.71    2451.16
UGRO   2026-03-24       -59.96      9      3      6      24.06     -22.03    1223.70
NSA    2026-03-16       -61.82     14      3     11      39.47     -16.38    6738.42
QURE   2026-03-09       -74.75     13      3     10      30.69     -16.68    1516.22
HUM    2026-04-07       -75.31      8      3      5      29.46     -32.74    8633.94
BATL   2026-03-03       -79.94     16      4     12       8.47      -9.48     351.90
SGML   2026-03-30       -81.47     12      2     10      63.79     -20.91    1518.40
LGN    2026-03-27       -84.27     21      2     19     135.60     -18.71    3134.00
ORCL   2026-03-11       -91.30     15      4     11      48.11     -25.80    9815.89
AIFF   2026-03-13       -92.58     17      2     15     172.41     -29.16    1779.79
GSAT   2026-04-02       -98.82     14      2     12      53.49     -17.15    4413.32
STUB   2026-03-05      -105.56     17      5     12      29.07     -20.91    2834.42
EQNR   2026-03-19      -114.66     16      3     13      32.53     -16.33   13692.50
NBIS   2026-03-11      -119.05     15      2     13     190.07     -38.40    6824.30
BRZE   2026-03-25      -129.54     18      1     17      94.60     -13.18    2077.89
SMTC   2026-03-17      -131.65     13      1     12     161.45     -24.42    4202.09
ELVN   2026-03-25      -136.94     13      2     11      10.96     -14.44    2175.60
HUT    2026-04-08      -143.39     14      3     11      62.50     -30.08    5257.65
HIMS   2026-03-09      -148.20     17      2     15      64.36     -18.46    1915.16
AESI   2026-04-07      -158.71     17      2     15      61.44     -18.77   10180.19
SKYQ   2026-04-07      -164.02     14      2     12      39.82     -20.31     891.78
DXYZ   2026-03-26      -179.67     16      3     13      68.95     -29.73    5272.55
TPB    2026-03-02      -182.32     36      4     32      40.87     -10.81    1714.44
NRG    2026-03-03      -182.49     20      1     19     104.63     -15.11   19129.26
ORBS   2026-03-25      -196.77     13      0     13       0.00     -15.14    1184.53
TPET   2026-03-03      -202.83     21      5     16      11.20     -16.18     515.38
APGE   2026-03-23      -204.11     17      2     15      37.28     -18.58    4000.08
ALHC   2026-04-07      -223.98     19      2     17      73.76     -21.85    6526.14
ANF    2026-03-04      -240.78     25      2     23      30.03     -13.08    4288.66
WDS    2026-03-19      -243.99     21      5     16      32.24     -25.32    8924.85
DNLI   2026-03-25      -250.86     27      4     23      20.17     -14.41    3397.38
CRSP   2026-03-10      -253.86     15      1     14     100.67     -25.32    5884.38
BIAF   2026-03-17      -302.87     16      2     14      62.83     -30.61     979.85
MOS    2026-03-12      -311.13     27      3     24      32.85     -17.07    5668.87
UTHR   2026-03-30      -324.45     19      5     14      16.14     -28.94    6490.15
FIGS   2026-02-27      -350.56     18      1     17      63.53     -24.36    3893.39
FLY    2026-03-12      -395.28     20      1     19      91.80     -25.64    2818.79
BH     2026-04-08      -417.69     87      3     84     208.56     -12.42   11315.77
NSP    2026-03-20      -435.05     15      3     12      23.34     -42.09    6649.98
CSIQ   2026-03-19      -554.06     31      1     30       3.97     -18.60    2226.81

=== Aggregate Statistics ===

--- Overall ---
Total P&L:         $    25831.00
Total days:                  166
Total trades:               1954
Avg trades/day:             11.8
Avg position size:  $     4213.59

--- Trade-Level ---
Win trades:                  434
Loss trades:                1519
Flat trades:                   1
Win rate:                   22.2%
Avg winner:         $      126.49
Avg loser:          $      -19.14
Median winner:      $       57.34
Median loser:       $      -14.22
Largest winner:     $     2779.37
Largest loser:      $     -184.49
Avg trade:          $       13.22
Expectancy:         $       13.23
Gross wins:         $    54897.86
Gross losses:       $    29066.85
Profit factor:              1.89

--- Day-Level ---
Winning days:                107
Losing days:                  59
Flat days:                     0
Day win rate:               64.5%
Avg winning day:    $      318.05
Avg losing day:     $     -138.99
Worst day:          $     -554.06
Best day:           $     2864.15

--- Long/Short Split ---
Long trades:                 990
Long P&L:           $    21735.85
Avg long trade:     $       21.96
Short trades:                964
Short P&L:          $     4095.16
Avg short trade:    $        4.25
